<?xml version="1.0" encoding="UTF-8"?>
<!-- Generated by org.testng.reporters.JUnitReportReporter -->
<testsuite skipped="0" hostname="Pratik-HP" name="testcases.DataDrivenTest" tests="6" failures="0" timestamp="2023-07-16T22:01:13 IST" time="11.398" errors="0">
  <testcase name="testPostUser" time="1.479" classname="testcases.DataDrivenTest"/>
  <testcase name="testPostUser" time="1.484" classname="testcases.DataDrivenTest"/>
  <testcase name="testPostUser" time="3.874" classname="testcases.DataDrivenTest"/>
  <testcase name="testDeleteUserByName" time="1.637" classname="testcases.DataDrivenTest"/>
  <testcase name="testDeleteUserByName" time="1.445" classname="testcases.DataDrivenTest"/>
  <testcase name="testDeleteUserByName" time="1.479" classname="testcases.DataDrivenTest"/>
</testsuite> <!-- testcases.DataDrivenTest -->
