<?xml version="1.0" encoding="UTF-8"?>
<!-- Generated by org.testng.reporters.JUnitReportReporter -->
<testsuite hostname="Pratik-HP" failures="0" tests="6" name="testcases.DataDrivenTest" time="16.007" errors="0" timestamp="2023-07-18T17:28:42 IST" skipped="0">
  <testcase classname="testcases.DataDrivenTest" name="testPostUser" time="2.196"/>
  <testcase classname="testcases.DataDrivenTest" name="testPostUser" time="1.709"/>
  <testcase classname="testcases.DataDrivenTest" name="testPostUser" time="5.560"/>
  <testcase classname="testcases.DataDrivenTest" name="testDeleteUserByName" time="2.558"/>
  <testcase classname="testcases.DataDrivenTest" name="testDeleteUserByName" time="2.041"/>
  <testcase classname="testcases.DataDrivenTest" name="testDeleteUserByName" time="1.943"/>
</testsuite> <!-- testcases.DataDrivenTest -->
