<?xml version="1.0" encoding="UTF-8"?>
<!-- Generated by org.testng.reporters.JUnitReportReporter -->
<testsuite skipped="0" hostname="Pratik-HP" name="testcases.UserTest" tests="4" failures="0" timestamp="2023-07-16T22:01:13 IST" time="7.374" errors="0">
  <testcase name="testPostUser" time="1.535" classname="testcases.UserTest"/>
  <testcase name="testGetUserByName" time="1.448" classname="testcases.UserTest"/>
  <testcase name="testUpdateUserByName" time="2.925" classname="testcases.UserTest"/>
  <testcase name="deleteUserByName" time="1.466" classname="testcases.UserTest"/>
</testsuite> <!-- testcases.UserTest -->
