<?xml version="1.0" encoding="UTF-8"?>
<!-- Generated by org.testng.reporters.JUnitReportReporter -->
<testsuite skipped="0" hostname="Pratik-HP" name="testcases.DataDrivenTest" tests="6" failures="0" timestamp="2023-07-17T20:35:49 IST" time="17.151" errors="0">
  <testcase name="testPostUser" time="2.865" classname="testcases.DataDrivenTest"/>
  <testcase name="testPostUser" time="3.869" classname="testcases.DataDrivenTest"/>
  <testcase name="testPostUser" time="2.553" classname="testcases.DataDrivenTest"/>
  <testcase name="testDeleteUserByName" time="1.992" classname="testcases.DataDrivenTest"/>
  <testcase name="testDeleteUserByName" time="2.699" classname="testcases.DataDrivenTest"/>
  <testcase name="testDeleteUserByName" time="3.173" classname="testcases.DataDrivenTest"/>
</testsuite> <!-- testcases.DataDrivenTest -->
