<?xml version="1.0" encoding="UTF-8"?>
<!-- Generated by org.testng.reporters.JUnitReportReporter -->
<testsuite hostname="Pratik-HP" failures="0" tests="4" name="testcases.UserTest" time="12.795" errors="0" timestamp="2023-07-18T17:28:42 IST" skipped="0">
  <testcase classname="testcases.UserTest" name="testPostUser" time="1.850"/>
  <testcase classname="testcases.UserTest" name="testGetUserByName" time="2.962"/>
  <testcase classname="testcases.UserTest" name="testUpdateUserByName" time="5.426"/>
  <testcase classname="testcases.UserTest" name="deleteUserByName" time="2.557"/>
</testsuite> <!-- testcases.UserTest -->
