<?xml version="1.0" encoding="UTF-8"?>
<!-- Generated by org.testng.reporters.JUnitReportReporter -->
<testsuite skipped="0" hostname="Pratik-HP" name="testcases.UserTest" tests="4" failures="0" timestamp="2023-07-17T20:35:49 IST" time="11.377" errors="0">
  <testcase name="testPostUser" time="2.373" classname="testcases.UserTest"/>
  <testcase name="testGetUserByName" time="2.253" classname="testcases.UserTest"/>
  <testcase name="testUpdateUserByName" time="4.705" classname="testcases.UserTest"/>
  <testcase name="deleteUserByName" time="2.046" classname="testcases.UserTest"/>
</testsuite> <!-- testcases.UserTest -->
